{"/Users/cynthiaclark/Desktop/FinalProjectWebServices/CSE341TeamProject/server.js": {"path":"/Users/cynthiaclark/Desktop/FinalProjectWebServices/CSE341TeamProject/server.js","statementMap":{"0":{"start":{"line":1,"column":16},"end":{"line":1,"column":34}},"1":{"start":{"line":2,"column":19},"end":{"line":2,"column":41}},"2":{"start":{"line":3,"column":16},"end":{"line":3,"column":39}},"3":{"start":{"line":4,"column":17},"end":{"line":4,"column":50}},"4":{"start":{"line":5,"column":0},"end":{"line":5,"column":27}},"5":{"start":{"line":7,"column":13},"end":{"line":7,"column":37}},"6":{"start":{"line":8,"column":12},"end":{"line":8,"column":21}},"7":{"start":{"line":10,"column":0},"end":{"line":16,"column":33}},"8":{"start":{"line":13,"column":4},"end":{"line":13,"column":54}},"9":{"start":{"line":14,"column":4},"end":{"line":14,"column":11}},"10":{"start":{"line":18,"column":0},"end":{"line":25,"column":3}},"11":{"start":{"line":19,"column":2},"end":{"line":24,"column":3}},"12":{"start":{"line":20,"column":4},"end":{"line":20,"column":21}},"13":{"start":{"line":22,"column":4},"end":{"line":22,"column":21}},"14":{"start":{"line":23,"column":4},"end":{"line":23,"column":60}},"15":{"start":{"line":27,"column":15},"end":{"line":34,"column":1}},"16":{"start":{"line":37,"column":0},"end":{"line":37,"column":22}},"17":{"start":{"line":40,"column":0},"end":{"line":42,"column":3}},"18":{"start":{"line":41,"column":2},"end":{"line":41,"column":68}}},"fnMap":{"0":{"name":"(anonymous_0)","decl":{"start":{"line":12,"column":7},"end":{"line":12,"column":8}},"loc":{"start":{"line":12,"column":27},"end":{"line":15,"column":3}},"line":12},"1":{"name":"(anonymous_1)","decl":{"start":{"line":18,"column":15},"end":{"line":18,"column":16}},"loc":{"start":{"line":18,"column":33},"end":{"line":25,"column":1}},"line":18},"2":{"name":"(anonymous_2)","decl":{"start":{"line":40,"column":13},"end":{"line":40,"column":14}},"loc":{"start":{"line":40,"column":27},"end":{"line":42,"column":1}},"line":40}},"branchMap":{"0":{"loc":{"start":{"line":7,"column":13},"end":{"line":7,"column":37}},"type":"binary-expr","locations":[{"start":{"line":7,"column":13},"end":{"line":7,"column":29}},{"start":{"line":7,"column":33},"end":{"line":7,"column":37}}],"line":7},"1":{"loc":{"start":{"line":19,"column":2},"end":{"line":24,"column":3}},"type":"if","locations":[{"start":{"line":19,"column":2},"end":{"line":24,"column":3}},{"start":{"line":21,"column":9},"end":{"line":24,"column":3}}],"line":19},"2":{"loc":{"start":{"line":41,"column":11},"end":{"line":41,"column":66}},"type":"cond-expr","locations":[{"start":{"line":41,"column":40},"end":{"line":41,"column":51}},{"start":{"line":41,"column":54},"end":{"line":41,"column":66}}],"line":41}},"s":{"0":1,"1":1,"2":1,"3":1,"4":1,"5":1,"6":1,"7":1,"8":0,"9":0,"10":1,"11":0,"12":0,"13":0,"14":0,"15":1,"16":1,"17":1,"18":0},"f":{"0":0,"1":0,"2":0},"b":{"0":[1,1],"1":[0,0],"2":[0,0]},"_coverageSchema":"1a1c01bbd47fc00a2c39e90264f33305004495a9","hash":"cb36f09ae5be7e236ced3169a0fb958802c3c33e"}
,"/Users/cynthiaclark/Desktop/FinalProjectWebServices/CSE341TeamProject/sum.js": {"path":"/Users/cynthiaclark/Desktop/FinalProjectWebServices/CSE341TeamProject/sum.js","statementMap":{"0":{"start":{"line":2,"column":4},"end":{"line":2,"column":22}},"1":{"start":{"line":5,"column":0},"end":{"line":5,"column":21}}},"fnMap":{"0":{"name":"sum","decl":{"start":{"line":1,"column":9},"end":{"line":1,"column":12}},"loc":{"start":{"line":1,"column":25},"end":{"line":3,"column":1}},"line":1}},"branchMap":{},"s":{"0":1,"1":1},"f":{"0":1},"b":{},"_coverageSchema":"1a1c01bbd47fc00a2c39e90264f33305004495a9","hash":"bc8ef64131de7057953aee52bbd7fc9ec43fc3e1"}
,"/Users/cynthiaclark/Desktop/FinalProjectWebServices/CSE341TeamProject/controllers/cakes.js": {"path":"/Users/cynthiaclark/Desktop/FinalProjectWebServices/CSE341TeamProject/controllers/cakes.js","statementMap":{"0":{"start":{"line":1,"column":16},"end":{"line":1,"column":40}},"1":{"start":{"line":2,"column":17},"end":{"line":2,"column":44}},"2":{"start":{"line":4,"column":15},"end":{"line":10,"column":1}},"3":{"start":{"line":5,"column":17},"end":{"line":5,"column":70}},"4":{"start":{"line":6,"column":2},"end":{"line":9,"column":5}},"5":{"start":{"line":7,"column":4},"end":{"line":7,"column":54}},"6":{"start":{"line":8,"column":4},"end":{"line":8,"column":32}},"7":{"start":{"line":12,"column":18},"end":{"line":23,"column":1}},"8":{"start":{"line":13,"column":17},"end":{"line":13,"column":44}},"9":{"start":{"line":14,"column":17},"end":{"line":18,"column":26}},"10":{"start":{"line":19,"column":2},"end":{"line":22,"column":5}},"11":{"start":{"line":20,"column":4},"end":{"line":20,"column":54}},"12":{"start":{"line":21,"column":4},"end":{"line":21,"column":35}},"13":{"start":{"line":25,"column":19},"end":{"line":44,"column":1}},"14":{"start":{"line":26,"column":15},"end":{"line":37,"column":3}},"15":{"start":{"line":38,"column":19},"end":{"line":38,"column":89}},"16":{"start":{"line":39,"column":2},"end":{"line":43,"column":3}},"17":{"start":{"line":40,"column":4},"end":{"line":40,"column":35}},"18":{"start":{"line":42,"column":4},"end":{"line":42,"column":89}},"19":{"start":{"line":46,"column":19},"end":{"line":69,"column":1}},"20":{"start":{"line":47,"column":17},"end":{"line":47,"column":44}},"21":{"start":{"line":49,"column":15},"end":{"line":57,"column":3}},"22":{"start":{"line":58,"column":19},"end":{"line":62,"column":38}},"23":{"start":{"line":63,"column":2},"end":{"line":63,"column":24}},"24":{"start":{"line":64,"column":2},"end":{"line":68,"column":3}},"25":{"start":{"line":65,"column":4},"end":{"line":65,"column":27}},"26":{"start":{"line":67,"column":4},"end":{"line":67,"column":89}},"27":{"start":{"line":71,"column":19},"end":{"line":80,"column":1}},"28":{"start":{"line":72,"column":17},"end":{"line":72,"column":44}},"29":{"start":{"line":73,"column":19},"end":{"line":73,"column":106}},"30":{"start":{"line":74,"column":2},"end":{"line":74,"column":24}},"31":{"start":{"line":75,"column":2},"end":{"line":79,"column":3}},"32":{"start":{"line":76,"column":4},"end":{"line":76,"column":27}},"33":{"start":{"line":78,"column":4},"end":{"line":78,"column":89}},"34":{"start":{"line":82,"column":0},"end":{"line":82,"column":75}}},"fnMap":{"0":{"name":"(anonymous_0)","decl":{"start":{"line":4,"column":15},"end":{"line":4,"column":16}},"loc":{"start":{"line":4,"column":35},"end":{"line":10,"column":1}},"line":4},"1":{"name":"(anonymous_1)","decl":{"start":{"line":6,"column":24},"end":{"line":6,"column":25}},"loc":{"start":{"line":6,"column":35},"end":{"line":9,"column":3}},"line":6},"2":{"name":"(anonymous_2)","decl":{"start":{"line":12,"column":18},"end":{"line":12,"column":19}},"loc":{"start":{"line":12,"column":38},"end":{"line":23,"column":1}},"line":12},"3":{"name":"(anonymous_3)","decl":{"start":{"line":19,"column":24},"end":{"line":19,"column":25}},"loc":{"start":{"line":19,"column":35},"end":{"line":22,"column":3}},"line":19},"4":{"name":"(anonymous_4)","decl":{"start":{"line":25,"column":19},"end":{"line":25,"column":20}},"loc":{"start":{"line":25,"column":39},"end":{"line":44,"column":1}},"line":25},"5":{"name":"(anonymous_5)","decl":{"start":{"line":46,"column":19},"end":{"line":46,"column":20}},"loc":{"start":{"line":46,"column":39},"end":{"line":69,"column":1}},"line":46},"6":{"name":"(anonymous_6)","decl":{"start":{"line":71,"column":19},"end":{"line":71,"column":20}},"loc":{"start":{"line":71,"column":39},"end":{"line":80,"column":1}},"line":71}},"branchMap":{"0":{"loc":{"start":{"line":39,"column":2},"end":{"line":43,"column":3}},"type":"if","locations":[{"start":{"line":39,"column":2},"end":{"line":43,"column":3}},{"start":{"line":41,"column":9},"end":{"line":43,"column":3}}],"line":39},"1":{"loc":{"start":{"line":42,"column":25},"end":{"line":42,"column":87}},"type":"binary-expr","locations":[{"start":{"line":42,"column":25},"end":{"line":42,"column":39}},{"start":{"line":42,"column":43},"end":{"line":42,"column":87}}],"line":42},"2":{"loc":{"start":{"line":64,"column":2},"end":{"line":68,"column":3}},"type":"if","locations":[{"start":{"line":64,"column":2},"end":{"line":68,"column":3}},{"start":{"line":66,"column":9},"end":{"line":68,"column":3}}],"line":64},"3":{"loc":{"start":{"line":67,"column":25},"end":{"line":67,"column":87}},"type":"binary-expr","locations":[{"start":{"line":67,"column":25},"end":{"line":67,"column":39}},{"start":{"line":67,"column":43},"end":{"line":67,"column":87}}],"line":67},"4":{"loc":{"start":{"line":75,"column":2},"end":{"line":79,"column":3}},"type":"if","locations":[{"start":{"line":75,"column":2},"end":{"line":79,"column":3}},{"start":{"line":77,"column":9},"end":{"line":79,"column":3}}],"line":75},"5":{"loc":{"start":{"line":78,"column":25},"end":{"line":78,"column":87}},"type":"binary-expr","locations":[{"start":{"line":78,"column":25},"end":{"line":78,"column":39}},{"start":{"line":78,"column":43},"end":{"line":78,"column":87}}],"line":78}},"s":{"0":1,"1":1,"2":1,"3":0,"4":0,"5":0,"6":0,"7":1,"8":0,"9":0,"10":0,"11":0,"12":0,"13":1,"14":0,"15":0,"16":0,"17":0,"18":0,"19":1,"20":0,"21":0,"22":0,"23":0,"24":0,"25":0,"26":0,"27":1,"28":0,"29":0,"30":0,"31":0,"32":0,"33":0,"34":1},"f":{"0":0,"1":0,"2":0,"3":0,"4":0,"5":0,"6":0},"b":{"0":[0,0],"1":[0,0],"2":[0,0],"3":[0,0],"4":[0,0],"5":[0,0]},"_coverageSchema":"1a1c01bbd47fc00a2c39e90264f33305004495a9","hash":"909435096be5b70ed61168cdf7275c44e297f874"}
,"/Users/cynthiaclark/Desktop/FinalProjectWebServices/CSE341TeamProject/controllers/clients.js": {"path":"/Users/cynthiaclark/Desktop/FinalProjectWebServices/CSE341TeamProject/controllers/clients.js","statementMap":{"0":{"start":{"line":1,"column":16},"end":{"line":1,"column":40}},"1":{"start":{"line":2,"column":17},"end":{"line":2,"column":44}},"2":{"start":{"line":4,"column":15},"end":{"line":10,"column":1}},"3":{"start":{"line":5,"column":17},"end":{"line":5,"column":80}},"4":{"start":{"line":6,"column":2},"end":{"line":9,"column":5}},"5":{"start":{"line":7,"column":4},"end":{"line":7,"column":54}},"6":{"start":{"line":8,"column":4},"end":{"line":8,"column":32}},"7":{"start":{"line":12,"column":18},"end":{"line":23,"column":1}},"8":{"start":{"line":13,"column":17},"end":{"line":13,"column":44}},"9":{"start":{"line":14,"column":17},"end":{"line":18,"column":26}},"10":{"start":{"line":19,"column":2},"end":{"line":22,"column":5}},"11":{"start":{"line":20,"column":4},"end":{"line":20,"column":54}},"12":{"start":{"line":21,"column":4},"end":{"line":21,"column":35}},"13":{"start":{"line":42,"column":21},"end":{"line":56,"column":1}},"14":{"start":{"line":43,"column":17},"end":{"line":49,"column":3}},"15":{"start":{"line":50,"column":19},"end":{"line":50,"column":93}},"16":{"start":{"line":51,"column":2},"end":{"line":55,"column":3}},"17":{"start":{"line":52,"column":4},"end":{"line":52,"column":35}},"18":{"start":{"line":54,"column":4},"end":{"line":54,"column":93}},"19":{"start":{"line":58,"column":21},"end":{"line":79,"column":1}},"20":{"start":{"line":59,"column":19},"end":{"line":59,"column":46}},"21":{"start":{"line":61,"column":17},"end":{"line":67,"column":3}},"22":{"start":{"line":68,"column":19},"end":{"line":72,"column":42}},"23":{"start":{"line":73,"column":2},"end":{"line":73,"column":24}},"24":{"start":{"line":74,"column":2},"end":{"line":78,"column":3}},"25":{"start":{"line":75,"column":4},"end":{"line":75,"column":27}},"26":{"start":{"line":77,"column":4},"end":{"line":77,"column":91}},"27":{"start":{"line":81,"column":21},"end":{"line":90,"column":1}},"28":{"start":{"line":82,"column":19},"end":{"line":82,"column":46}},"29":{"start":{"line":83,"column":19},"end":{"line":83,"column":110}},"30":{"start":{"line":84,"column":2},"end":{"line":84,"column":24}},"31":{"start":{"line":85,"column":2},"end":{"line":89,"column":3}},"32":{"start":{"line":86,"column":4},"end":{"line":86,"column":27}},"33":{"start":{"line":88,"column":4},"end":{"line":88,"column":91}},"34":{"start":{"line":92,"column":0},"end":{"line":92,"column":81}}},"fnMap":{"0":{"name":"(anonymous_0)","decl":{"start":{"line":4,"column":15},"end":{"line":4,"column":16}},"loc":{"start":{"line":4,"column":35},"end":{"line":10,"column":1}},"line":4},"1":{"name":"(anonymous_1)","decl":{"start":{"line":6,"column":24},"end":{"line":6,"column":25}},"loc":{"start":{"line":6,"column":35},"end":{"line":9,"column":3}},"line":6},"2":{"name":"(anonymous_2)","decl":{"start":{"line":12,"column":18},"end":{"line":12,"column":19}},"loc":{"start":{"line":12,"column":38},"end":{"line":23,"column":1}},"line":12},"3":{"name":"(anonymous_3)","decl":{"start":{"line":19,"column":24},"end":{"line":19,"column":25}},"loc":{"start":{"line":19,"column":35},"end":{"line":22,"column":3}},"line":19},"4":{"name":"(anonymous_4)","decl":{"start":{"line":42,"column":21},"end":{"line":42,"column":22}},"loc":{"start":{"line":42,"column":41},"end":{"line":56,"column":1}},"line":42},"5":{"name":"(anonymous_5)","decl":{"start":{"line":58,"column":21},"end":{"line":58,"column":22}},"loc":{"start":{"line":58,"column":41},"end":{"line":79,"column":1}},"line":58},"6":{"name":"(anonymous_6)","decl":{"start":{"line":81,"column":21},"end":{"line":81,"column":22}},"loc":{"start":{"line":81,"column":41},"end":{"line":90,"column":1}},"line":81}},"branchMap":{"0":{"loc":{"start":{"line":51,"column":2},"end":{"line":55,"column":3}},"type":"if","locations":[{"start":{"line":51,"column":2},"end":{"line":55,"column":3}},{"start":{"line":53,"column":9},"end":{"line":55,"column":3}}],"line":51},"1":{"loc":{"start":{"line":54,"column":25},"end":{"line":54,"column":91}},"type":"binary-expr","locations":[{"start":{"line":54,"column":25},"end":{"line":54,"column":39}},{"start":{"line":54,"column":43},"end":{"line":54,"column":91}}],"line":54},"2":{"loc":{"start":{"line":74,"column":2},"end":{"line":78,"column":3}},"type":"if","locations":[{"start":{"line":74,"column":2},"end":{"line":78,"column":3}},{"start":{"line":76,"column":9},"end":{"line":78,"column":3}}],"line":74},"3":{"loc":{"start":{"line":77,"column":25},"end":{"line":77,"column":89}},"type":"binary-expr","locations":[{"start":{"line":77,"column":25},"end":{"line":77,"column":39}},{"start":{"line":77,"column":43},"end":{"line":77,"column":89}}],"line":77},"4":{"loc":{"start":{"line":85,"column":2},"end":{"line":89,"column":3}},"type":"if","locations":[{"start":{"line":85,"column":2},"end":{"line":89,"column":3}},{"start":{"line":87,"column":9},"end":{"line":89,"column":3}}],"line":85},"5":{"loc":{"start":{"line":88,"column":25},"end":{"line":88,"column":89}},"type":"binary-expr","locations":[{"start":{"line":88,"column":25},"end":{"line":88,"column":39}},{"start":{"line":88,"column":43},"end":{"line":88,"column":89}}],"line":88}},"s":{"0":2,"1":2,"2":2,"3":0,"4":0,"5":0,"6":0,"7":2,"8":0,"9":0,"10":0,"11":0,"12":0,"13":2,"14":0,"15":0,"16":0,"17":0,"18":0,"19":2,"20":0,"21":0,"22":0,"23":0,"24":0,"25":0,"26":0,"27":2,"28":0,"29":0,"30":0,"31":0,"32":0,"33":0,"34":2},"f":{"0":0,"1":0,"2":0,"3":0,"4":0,"5":0,"6":0},"b":{"0":[0,0],"1":[0,0],"2":[0,0],"3":[0,0],"4":[0,0],"5":[0,0]},"_coverageSchema":"1a1c01bbd47fc00a2c39e90264f33305004495a9","hash":"113c26ce48ec0b8a7dbb26040371b306bc009512"}
,"/Users/cynthiaclark/Desktop/FinalProjectWebServices/CSE341TeamProject/controllers/orders.js": {"path":"/Users/cynthiaclark/Desktop/FinalProjectWebServices/CSE341TeamProject/controllers/orders.js","statementMap":{"0":{"start":{"line":1,"column":16},"end":{"line":1,"column":40}},"1":{"start":{"line":2,"column":17},"end":{"line":2,"column":44}},"2":{"start":{"line":4,"column":15},"end":{"line":10,"column":1}},"3":{"start":{"line":5,"column":17},"end":{"line":5,"column":79}},"4":{"start":{"line":6,"column":2},"end":{"line":9,"column":5}},"5":{"start":{"line":7,"column":4},"end":{"line":7,"column":54}},"6":{"start":{"line":8,"column":4},"end":{"line":8,"column":32}},"7":{"start":{"line":12,"column":18},"end":{"line":23,"column":1}},"8":{"start":{"line":13,"column":17},"end":{"line":13,"column":44}},"9":{"start":{"line":14,"column":17},"end":{"line":18,"column":26}},"10":{"start":{"line":19,"column":2},"end":{"line":22,"column":5}},"11":{"start":{"line":20,"column":4},"end":{"line":20,"column":54}},"12":{"start":{"line":21,"column":4},"end":{"line":21,"column":35}},"13":{"start":{"line":25,"column":20},"end":{"line":39,"column":3}},"14":{"start":{"line":26,"column":18},"end":{"line":32,"column":5}},"15":{"start":{"line":33,"column":21},"end":{"line":33,"column":93}},"16":{"start":{"line":34,"column":4},"end":{"line":38,"column":5}},"17":{"start":{"line":35,"column":6},"end":{"line":35,"column":37}},"18":{"start":{"line":37,"column":6},"end":{"line":37,"column":94}},"19":{"start":{"line":41,"column":22},"end":{"line":62,"column":3}},"20":{"start":{"line":42,"column":20},"end":{"line":42,"column":47}},"21":{"start":{"line":44,"column":18},"end":{"line":50,"column":5}},"22":{"start":{"line":51,"column":21},"end":{"line":55,"column":42}},"23":{"start":{"line":56,"column":4},"end":{"line":56,"column":26}},"24":{"start":{"line":57,"column":4},"end":{"line":61,"column":5}},"25":{"start":{"line":58,"column":6},"end":{"line":58,"column":29}},"26":{"start":{"line":60,"column":6},"end":{"line":60,"column":94}},"27":{"start":{"line":64,"column":22},"end":{"line":73,"column":3}},"28":{"start":{"line":65,"column":20},"end":{"line":65,"column":47}},"29":{"start":{"line":66,"column":21},"end":{"line":66,"column":110}},"30":{"start":{"line":67,"column":4},"end":{"line":67,"column":26}},"31":{"start":{"line":68,"column":4},"end":{"line":72,"column":5}},"32":{"start":{"line":69,"column":6},"end":{"line":69,"column":29}},"33":{"start":{"line":71,"column":6},"end":{"line":71,"column":94}},"34":{"start":{"line":75,"column":0},"end":{"line":75,"column":78}}},"fnMap":{"0":{"name":"(anonymous_0)","decl":{"start":{"line":4,"column":15},"end":{"line":4,"column":16}},"loc":{"start":{"line":4,"column":35},"end":{"line":10,"column":1}},"line":4},"1":{"name":"(anonymous_1)","decl":{"start":{"line":6,"column":24},"end":{"line":6,"column":25}},"loc":{"start":{"line":6,"column":35},"end":{"line":9,"column":3}},"line":6},"2":{"name":"(anonymous_2)","decl":{"start":{"line":12,"column":18},"end":{"line":12,"column":19}},"loc":{"start":{"line":12,"column":38},"end":{"line":23,"column":1}},"line":12},"3":{"name":"(anonymous_3)","decl":{"start":{"line":19,"column":24},"end":{"line":19,"column":25}},"loc":{"start":{"line":19,"column":35},"end":{"line":22,"column":3}},"line":19},"4":{"name":"(anonymous_4)","decl":{"start":{"line":25,"column":20},"end":{"line":25,"column":21}},"loc":{"start":{"line":25,"column":40},"end":{"line":39,"column":3}},"line":25},"5":{"name":"(anonymous_5)","decl":{"start":{"line":41,"column":22},"end":{"line":41,"column":23}},"loc":{"start":{"line":41,"column":42},"end":{"line":62,"column":3}},"line":41},"6":{"name":"(anonymous_6)","decl":{"start":{"line":64,"column":22},"end":{"line":64,"column":23}},"loc":{"start":{"line":64,"column":42},"end":{"line":73,"column":3}},"line":64}},"branchMap":{"0":{"loc":{"start":{"line":34,"column":4},"end":{"line":38,"column":5}},"type":"if","locations":[{"start":{"line":34,"column":4},"end":{"line":38,"column":5}},{"start":{"line":36,"column":11},"end":{"line":38,"column":5}}],"line":34},"1":{"loc":{"start":{"line":37,"column":27},"end":{"line":37,"column":92}},"type":"binary-expr","locations":[{"start":{"line":37,"column":27},"end":{"line":37,"column":41}},{"start":{"line":37,"column":45},"end":{"line":37,"column":92}}],"line":37},"2":{"loc":{"start":{"line":57,"column":4},"end":{"line":61,"column":5}},"type":"if","locations":[{"start":{"line":57,"column":4},"end":{"line":61,"column":5}},{"start":{"line":59,"column":11},"end":{"line":61,"column":5}}],"line":57},"3":{"loc":{"start":{"line":60,"column":27},"end":{"line":60,"column":92}},"type":"binary-expr","locations":[{"start":{"line":60,"column":27},"end":{"line":60,"column":41}},{"start":{"line":60,"column":45},"end":{"line":60,"column":92}}],"line":60},"4":{"loc":{"start":{"line":68,"column":4},"end":{"line":72,"column":5}},"type":"if","locations":[{"start":{"line":68,"column":4},"end":{"line":72,"column":5}},{"start":{"line":70,"column":11},"end":{"line":72,"column":5}}],"line":68},"5":{"loc":{"start":{"line":71,"column":27},"end":{"line":71,"column":92}},"type":"binary-expr","locations":[{"start":{"line":71,"column":27},"end":{"line":71,"column":41}},{"start":{"line":71,"column":45},"end":{"line":71,"column":92}}],"line":71}},"s":{"0":1,"1":1,"2":1,"3":0,"4":0,"5":0,"6":0,"7":1,"8":0,"9":0,"10":0,"11":0,"12":0,"13":1,"14":0,"15":0,"16":0,"17":0,"18":0,"19":1,"20":0,"21":0,"22":0,"23":0,"24":0,"25":0,"26":0,"27":1,"28":0,"29":0,"30":0,"31":0,"32":0,"33":0,"34":1},"f":{"0":0,"1":0,"2":0,"3":0,"4":0,"5":0,"6":0},"b":{"0":[0,0],"1":[0,0],"2":[0,0],"3":[0,0],"4":[0,0],"5":[0,0]},"_coverageSchema":"1a1c01bbd47fc00a2c39e90264f33305004495a9","hash":"52fb1f8bae5ae4cfa1aa283544cbe9c680c5eaef"}
,"/Users/cynthiaclark/Desktop/FinalProjectWebServices/CSE341TeamProject/controllers/sweets.js": {"path":"/Users/cynthiaclark/Desktop/FinalProjectWebServices/CSE341TeamProject/controllers/sweets.js","statementMap":{"0":{"start":{"line":1,"column":16},"end":{"line":1,"column":40}},"1":{"start":{"line":2,"column":17},"end":{"line":2,"column":44}},"2":{"start":{"line":4,"column":15},"end":{"line":10,"column":1}},"3":{"start":{"line":5,"column":17},"end":{"line":5,"column":79}},"4":{"start":{"line":6,"column":2},"end":{"line":9,"column":5}},"5":{"start":{"line":7,"column":4},"end":{"line":7,"column":54}},"6":{"start":{"line":8,"column":4},"end":{"line":8,"column":32}},"7":{"start":{"line":12,"column":18},"end":{"line":23,"column":1}},"8":{"start":{"line":13,"column":18},"end":{"line":13,"column":45}},"9":{"start":{"line":14,"column":17},"end":{"line":18,"column":27}},"10":{"start":{"line":19,"column":2},"end":{"line":22,"column":5}},"11":{"start":{"line":20,"column":4},"end":{"line":20,"column":54}},"12":{"start":{"line":21,"column":4},"end":{"line":21,"column":35}},"13":{"start":{"line":25,"column":20},"end":{"line":36,"column":3}},"14":{"start":{"line":26,"column":18},"end":{"line":29,"column":5}},"15":{"start":{"line":30,"column":21},"end":{"line":30,"column":93}},"16":{"start":{"line":31,"column":4},"end":{"line":35,"column":5}},"17":{"start":{"line":32,"column":6},"end":{"line":32,"column":37}},"18":{"start":{"line":34,"column":6},"end":{"line":34,"column":92}},"19":{"start":{"line":38,"column":22},"end":{"line":56,"column":3}},"20":{"start":{"line":39,"column":20},"end":{"line":39,"column":47}},"21":{"start":{"line":41,"column":18},"end":{"line":44,"column":7}},"22":{"start":{"line":45,"column":21},"end":{"line":49,"column":42}},"23":{"start":{"line":50,"column":4},"end":{"line":50,"column":26}},"24":{"start":{"line":51,"column":4},"end":{"line":55,"column":5}},"25":{"start":{"line":52,"column":6},"end":{"line":52,"column":29}},"26":{"start":{"line":54,"column":6},"end":{"line":54,"column":92}},"27":{"start":{"line":58,"column":22},"end":{"line":67,"column":3}},"28":{"start":{"line":59,"column":20},"end":{"line":59,"column":47}},"29":{"start":{"line":60,"column":21},"end":{"line":60,"column":110}},"30":{"start":{"line":61,"column":4},"end":{"line":61,"column":26}},"31":{"start":{"line":62,"column":4},"end":{"line":66,"column":5}},"32":{"start":{"line":63,"column":6},"end":{"line":63,"column":29}},"33":{"start":{"line":65,"column":6},"end":{"line":65,"column":92}},"34":{"start":{"line":69,"column":0},"end":{"line":69,"column":78}}},"fnMap":{"0":{"name":"(anonymous_0)","decl":{"start":{"line":4,"column":15},"end":{"line":4,"column":16}},"loc":{"start":{"line":4,"column":35},"end":{"line":10,"column":1}},"line":4},"1":{"name":"(anonymous_1)","decl":{"start":{"line":6,"column":24},"end":{"line":6,"column":25}},"loc":{"start":{"line":6,"column":35},"end":{"line":9,"column":3}},"line":6},"2":{"name":"(anonymous_2)","decl":{"start":{"line":12,"column":18},"end":{"line":12,"column":19}},"loc":{"start":{"line":12,"column":38},"end":{"line":23,"column":1}},"line":12},"3":{"name":"(anonymous_3)","decl":{"start":{"line":19,"column":24},"end":{"line":19,"column":25}},"loc":{"start":{"line":19,"column":35},"end":{"line":22,"column":3}},"line":19},"4":{"name":"(anonymous_4)","decl":{"start":{"line":25,"column":20},"end":{"line":25,"column":21}},"loc":{"start":{"line":25,"column":40},"end":{"line":36,"column":3}},"line":25},"5":{"name":"(anonymous_5)","decl":{"start":{"line":38,"column":22},"end":{"line":38,"column":23}},"loc":{"start":{"line":38,"column":42},"end":{"line":56,"column":3}},"line":38},"6":{"name":"(anonymous_6)","decl":{"start":{"line":58,"column":22},"end":{"line":58,"column":23}},"loc":{"start":{"line":58,"column":42},"end":{"line":67,"column":3}},"line":58}},"branchMap":{"0":{"loc":{"start":{"line":31,"column":4},"end":{"line":35,"column":5}},"type":"if","locations":[{"start":{"line":31,"column":4},"end":{"line":35,"column":5}},{"start":{"line":33,"column":11},"end":{"line":35,"column":5}}],"line":31},"1":{"loc":{"start":{"line":34,"column":27},"end":{"line":34,"column":90}},"type":"binary-expr","locations":[{"start":{"line":34,"column":27},"end":{"line":34,"column":41}},{"start":{"line":34,"column":45},"end":{"line":34,"column":90}}],"line":34},"2":{"loc":{"start":{"line":51,"column":4},"end":{"line":55,"column":5}},"type":"if","locations":[{"start":{"line":51,"column":4},"end":{"line":55,"column":5}},{"start":{"line":53,"column":11},"end":{"line":55,"column":5}}],"line":51},"3":{"loc":{"start":{"line":54,"column":27},"end":{"line":54,"column":90}},"type":"binary-expr","locations":[{"start":{"line":54,"column":27},"end":{"line":54,"column":41}},{"start":{"line":54,"column":45},"end":{"line":54,"column":90}}],"line":54},"4":{"loc":{"start":{"line":62,"column":4},"end":{"line":66,"column":5}},"type":"if","locations":[{"start":{"line":62,"column":4},"end":{"line":66,"column":5}},{"start":{"line":64,"column":11},"end":{"line":66,"column":5}}],"line":62},"5":{"loc":{"start":{"line":65,"column":27},"end":{"line":65,"column":90}},"type":"binary-expr","locations":[{"start":{"line":65,"column":27},"end":{"line":65,"column":41}},{"start":{"line":65,"column":45},"end":{"line":65,"column":90}}],"line":65}},"s":{"0":1,"1":1,"2":1,"3":0,"4":0,"5":0,"6":0,"7":1,"8":0,"9":0,"10":0,"11":0,"12":0,"13":1,"14":0,"15":0,"16":0,"17":0,"18":0,"19":1,"20":0,"21":0,"22":0,"23":0,"24":0,"25":0,"26":0,"27":1,"28":0,"29":0,"30":0,"31":0,"32":0,"33":0,"34":1},"f":{"0":0,"1":0,"2":0,"3":0,"4":0,"5":0,"6":0},"b":{"0":[0,0],"1":[0,0],"2":[0,0],"3":[0,0],"4":[0,0],"5":[0,0]},"_coverageSchema":"1a1c01bbd47fc00a2c39e90264f33305004495a9","hash":"86c27cf6787393fc3e734b4b0c7e99d9943d7bd0"}
,"/Users/cynthiaclark/Desktop/FinalProjectWebServices/CSE341TeamProject/db/connect.js": {"path":"/Users/cynthiaclark/Desktop/FinalProjectWebServices/CSE341TeamProject/db/connect.js","statementMap":{"0":{"start":{"line":1,"column":15},"end":{"line":1,"column":32}},"1":{"start":{"line":2,"column":0},"end":{"line":2,"column":16}},"2":{"start":{"line":3,"column":20},"end":{"line":3,"column":50}},"3":{"start":{"line":7,"column":15},"end":{"line":20,"column":1}},"4":{"start":{"line":8,"column":2},"end":{"line":11,"column":3}},"5":{"start":{"line":9,"column":4},"end":{"line":9,"column":46}},"6":{"start":{"line":10,"column":4},"end":{"line":10,"column":31}},"7":{"start":{"line":12,"column":2},"end":{"line":19,"column":7}},"8":{"start":{"line":14,"column":6},"end":{"line":14,"column":19}},"9":{"start":{"line":15,"column":6},"end":{"line":15,"column":26}},"10":{"start":{"line":18,"column":6},"end":{"line":18,"column":20}},"11":{"start":{"line":22,"column":14},"end":{"line":27,"column":1}},"12":{"start":{"line":23,"column":2},"end":{"line":25,"column":3}},"13":{"start":{"line":24,"column":4},"end":{"line":24,"column":38}},"14":{"start":{"line":26,"column":2},"end":{"line":26,"column":13}},"15":{"start":{"line":29,"column":0},"end":{"line":32,"column":2}}},"fnMap":{"0":{"name":"(anonymous_0)","decl":{"start":{"line":7,"column":15},"end":{"line":7,"column":16}},"loc":{"start":{"line":7,"column":29},"end":{"line":20,"column":1}},"line":7},"1":{"name":"(anonymous_1)","decl":{"start":{"line":13,"column":10},"end":{"line":13,"column":11}},"loc":{"start":{"line":13,"column":22},"end":{"line":16,"column":5}},"line":13},"2":{"name":"(anonymous_2)","decl":{"start":{"line":17,"column":11},"end":{"line":17,"column":12}},"loc":{"start":{"line":17,"column":20},"end":{"line":19,"column":5}},"line":17},"3":{"name":"(anonymous_3)","decl":{"start":{"line":22,"column":14},"end":{"line":22,"column":15}},"loc":{"start":{"line":22,"column":20},"end":{"line":27,"column":1}},"line":22}},"branchMap":{"0":{"loc":{"start":{"line":8,"column":2},"end":{"line":11,"column":3}},"type":"if","locations":[{"start":{"line":8,"column":2},"end":{"line":11,"column":3}},{"start":{},"end":{}}],"line":8},"1":{"loc":{"start":{"line":23,"column":2},"end":{"line":25,"column":3}},"type":"if","locations":[{"start":{"line":23,"column":2},"end":{"line":25,"column":3}},{"start":{},"end":{}}],"line":23}},"s":{"0":2,"1":2,"2":2,"3":2,"4":1,"5":0,"6":0,"7":1,"8":0,"9":0,"10":0,"11":2,"12":0,"13":0,"14":0,"15":2},"f":{"0":1,"1":0,"2":0,"3":0},"b":{"0":[0,1],"1":[0,0]},"_coverageSchema":"1a1c01bbd47fc00a2c39e90264f33305004495a9","hash":"4a959dd6699a18488753e2a8bdb1339c49becea3"}
,"/Users/cynthiaclark/Desktop/FinalProjectWebServices/CSE341TeamProject/routes/cakes.js": {"path":"/Users/cynthiaclark/Desktop/FinalProjectWebServices/CSE341TeamProject/routes/cakes.js","statementMap":{"0":{"start":{"line":1,"column":16},"end":{"line":1,"column":34}},"1":{"start":{"line":2,"column":15},"end":{"line":2,"column":31}},"2":{"start":{"line":4,"column":24},"end":{"line":4,"column":55}},"3":{"start":{"line":6,"column":0},"end":{"line":6,"column":40}},"4":{"start":{"line":8,"column":0},"end":{"line":8,"column":46}},"5":{"start":{"line":10,"column":0},"end":{"line":10,"column":45}},"6":{"start":{"line":12,"column":0},"end":{"line":12,"column":47}},"7":{"start":{"line":14,"column":0},"end":{"line":14,"column":50}},"8":{"start":{"line":16,"column":0},"end":{"line":16,"column":24}}},"fnMap":{},"branchMap":{},"s":{"0":1,"1":1,"2":1,"3":1,"4":1,"5":1,"6":1,"7":1,"8":1},"f":{},"b":{},"_coverageSchema":"1a1c01bbd47fc00a2c39e90264f33305004495a9","hash":"a31097ceff36709e5c868a210609ad0cb684a70f"}
,"/Users/cynthiaclark/Desktop/FinalProjectWebServices/CSE341TeamProject/routes/clients.js": {"path":"/Users/cynthiaclark/Desktop/FinalProjectWebServices/CSE341TeamProject/routes/clients.js","statementMap":{"0":{"start":{"line":1,"column":16},"end":{"line":1,"column":34}},"1":{"start":{"line":2,"column":15},"end":{"line":2,"column":31}},"2":{"start":{"line":4,"column":26},"end":{"line":4,"column":59}},"3":{"start":{"line":6,"column":0},"end":{"line":6,"column":42}},"4":{"start":{"line":8,"column":0},"end":{"line":8,"column":48}},"5":{"start":{"line":12,"column":0},"end":{"line":12,"column":49}},"6":{"start":{"line":14,"column":0},"end":{"line":14,"column":51}},"7":{"start":{"line":16,"column":0},"end":{"line":16,"column":54}},"8":{"start":{"line":18,"column":0},"end":{"line":18,"column":24}}},"fnMap":{},"branchMap":{},"s":{"0":2,"1":2,"2":2,"3":2,"4":2,"5":2,"6":2,"7":2,"8":2},"f":{},"b":{},"_coverageSchema":"1a1c01bbd47fc00a2c39e90264f33305004495a9","hash":"39e2312043771c1ebc6b519971ef51af6096c193"}
,"/Users/cynthiaclark/Desktop/FinalProjectWebServices/CSE341TeamProject/routes/index.js": {"path":"/Users/cynthiaclark/Desktop/FinalProjectWebServices/CSE341TeamProject/routes/index.js","statementMap":{"0":{"start":{"line":1,"column":16},"end":{"line":1,"column":34}},"1":{"start":{"line":2,"column":15},"end":{"line":2,"column":31}},"2":{"start":{"line":4,"column":0},"end":{"line":4,"column":38}},"3":{"start":{"line":6,"column":0},"end":{"line":6,"column":41}},"4":{"start":{"line":7,"column":0},"end":{"line":7,"column":45}},"5":{"start":{"line":8,"column":0},"end":{"line":8,"column":43}},"6":{"start":{"line":9,"column":0},"end":{"line":9,"column":43}},"7":{"start":{"line":11,"column":0},"end":{"line":11,"column":24}}},"fnMap":{},"branchMap":{},"s":{"0":1,"1":1,"2":1,"3":1,"4":1,"5":1,"6":1,"7":1},"f":{},"b":{},"_coverageSchema":"1a1c01bbd47fc00a2c39e90264f33305004495a9","hash":"c59f8882e0a070fa0d0a0113dd79633ad073a09a"}
,"/Users/cynthiaclark/Desktop/FinalProjectWebServices/CSE341TeamProject/routes/orders.js": {"path":"/Users/cynthiaclark/Desktop/FinalProjectWebServices/CSE341TeamProject/routes/orders.js","statementMap":{"0":{"start":{"line":1,"column":16},"end":{"line":1,"column":34}},"1":{"start":{"line":2,"column":15},"end":{"line":2,"column":31}},"2":{"start":{"line":4,"column":25},"end":{"line":4,"column":57}},"3":{"start":{"line":6,"column":0},"end":{"line":6,"column":41}},"4":{"start":{"line":8,"column":0},"end":{"line":8,"column":47}},"5":{"start":{"line":10,"column":0},"end":{"line":10,"column":47}},"6":{"start":{"line":12,"column":0},"end":{"line":12,"column":49}},"7":{"start":{"line":14,"column":0},"end":{"line":14,"column":52}},"8":{"start":{"line":16,"column":0},"end":{"line":16,"column":24}}},"fnMap":{},"branchMap":{},"s":{"0":1,"1":1,"2":1,"3":1,"4":1,"5":1,"6":1,"7":1,"8":1},"f":{},"b":{},"_coverageSchema":"1a1c01bbd47fc00a2c39e90264f33305004495a9","hash":"11e2e0a0ab8e6241ec4f121f4a4bc4111e75423e"}
,"/Users/cynthiaclark/Desktop/FinalProjectWebServices/CSE341TeamProject/routes/swagger.js": {"path":"/Users/cynthiaclark/Desktop/FinalProjectWebServices/CSE341TeamProject/routes/swagger.js","statementMap":{"0":{"start":{"line":1,"column":15},"end":{"line":1,"column":42}},"1":{"start":{"line":2,"column":18},"end":{"line":2,"column":47}},"2":{"start":{"line":3,"column":24},"end":{"line":3,"column":50}},"3":{"start":{"line":4,"column":0},"end":{"line":4,"column":41}},"4":{"start":{"line":5,"column":0},"end":{"line":5,"column":58}},"5":{"start":{"line":7,"column":0},"end":{"line":7,"column":24}}},"fnMap":{},"branchMap":{},"s":{"0":1,"1":1,"2":1,"3":1,"4":1,"5":1},"f":{},"b":{},"_coverageSchema":"1a1c01bbd47fc00a2c39e90264f33305004495a9","hash":"7b908790bf84ceb2d3dd721fc90febbbdc155b6d"}
,"/Users/cynthiaclark/Desktop/FinalProjectWebServices/CSE341TeamProject/routes/sweets.js": {"path":"/Users/cynthiaclark/Desktop/FinalProjectWebServices/CSE341TeamProject/routes/sweets.js","statementMap":{"0":{"start":{"line":1,"column":16},"end":{"line":1,"column":34}},"1":{"start":{"line":2,"column":15},"end":{"line":2,"column":31}},"2":{"start":{"line":4,"column":25},"end":{"line":4,"column":57}},"3":{"start":{"line":6,"column":0},"end":{"line":6,"column":41}},"4":{"start":{"line":8,"column":0},"end":{"line":8,"column":47}},"5":{"start":{"line":10,"column":0},"end":{"line":10,"column":47}},"6":{"start":{"line":12,"column":0},"end":{"line":12,"column":49}},"7":{"start":{"line":14,"column":0},"end":{"line":14,"column":52}},"8":{"start":{"line":16,"column":0},"end":{"line":16,"column":24}}},"fnMap":{},"branchMap":{},"s":{"0":1,"1":1,"2":1,"3":1,"4":1,"5":1,"6":1,"7":1,"8":1},"f":{},"b":{},"_coverageSchema":"1a1c01bbd47fc00a2c39e90264f33305004495a9","hash":"b95d62195c662865fe1a4f236511f468d4a2ba10"}
}
