{"/Users/cynthiaclark/Desktop/FinalProjectWebServices/CSE341TeamProject/sum.js": {"path":"/Users/cynthiaclark/Desktop/FinalProjectWebServices/CSE341TeamProject/sum.js","statementMap":{"0":{"start":{"line":2,"column":4},"end":{"line":2,"column":22}},"1":{"start":{"line":5,"column":0},"end":{"line":5,"column":21}}},"fnMap":{"0":{"name":"sum","decl":{"start":{"line":1,"column":9},"end":{"line":1,"column":12}},"loc":{"start":{"line":1,"column":25},"end":{"line":3,"column":1}},"line":1}},"branchMap":{},"s":{"0":1,"1":1},"f":{"0":1},"b":{},"_coverageSchema":"1a1c01bbd47fc00a2c39e90264f33305004495a9","hash":"bc8ef64131de7057953aee52bbd7fc9ec43fc3e1"}
,"/Users/cynthiaclark/Desktop/FinalProjectWebServices/CSE341TeamProject/controllers/clients.js": {"path":"/Users/cynthiaclark/Desktop/FinalProjectWebServices/CSE341TeamProject/controllers/clients.js","statementMap":{"0":{"start":{"line":1,"column":16},"end":{"line":1,"column":40}},"1":{"start":{"line":2,"column":17},"end":{"line":2,"column":44}},"2":{"start":{"line":4,"column":15},"end":{"line":10,"column":1}},"3":{"start":{"line":5,"column":17},"end":{"line":5,"column":80}},"4":{"start":{"line":6,"column":2},"end":{"line":9,"column":5}},"5":{"start":{"line":7,"column":4},"end":{"line":7,"column":54}},"6":{"start":{"line":8,"column":4},"end":{"line":8,"column":32}},"7":{"start":{"line":12,"column":18},"end":{"line":23,"column":1}},"8":{"start":{"line":13,"column":17},"end":{"line":13,"column":44}},"9":{"start":{"line":14,"column":17},"end":{"line":18,"column":26}},"10":{"start":{"line":19,"column":2},"end":{"line":22,"column":5}},"11":{"start":{"line":20,"column":4},"end":{"line":20,"column":54}},"12":{"start":{"line":21,"column":4},"end":{"line":21,"column":35}},"13":{"start":{"line":42,"column":21},"end":{"line":56,"column":1}},"14":{"start":{"line":43,"column":17},"end":{"line":49,"column":3}},"15":{"start":{"line":50,"column":19},"end":{"line":50,"column":93}},"16":{"start":{"line":51,"column":2},"end":{"line":55,"column":3}},"17":{"start":{"line":52,"column":4},"end":{"line":52,"column":35}},"18":{"start":{"line":54,"column":4},"end":{"line":54,"column":93}},"19":{"start":{"line":58,"column":21},"end":{"line":79,"column":1}},"20":{"start":{"line":59,"column":19},"end":{"line":59,"column":46}},"21":{"start":{"line":61,"column":17},"end":{"line":67,"column":3}},"22":{"start":{"line":68,"column":19},"end":{"line":72,"column":42}},"23":{"start":{"line":73,"column":2},"end":{"line":73,"column":24}},"24":{"start":{"line":74,"column":2},"end":{"line":78,"column":3}},"25":{"start":{"line":75,"column":4},"end":{"line":75,"column":27}},"26":{"start":{"line":77,"column":4},"end":{"line":77,"column":91}},"27":{"start":{"line":81,"column":21},"end":{"line":90,"column":1}},"28":{"start":{"line":82,"column":19},"end":{"line":82,"column":46}},"29":{"start":{"line":83,"column":19},"end":{"line":83,"column":110}},"30":{"start":{"line":84,"column":2},"end":{"line":84,"column":24}},"31":{"start":{"line":85,"column":2},"end":{"line":89,"column":3}},"32":{"start":{"line":86,"column":4},"end":{"line":86,"column":27}},"33":{"start":{"line":88,"column":4},"end":{"line":88,"column":91}},"34":{"start":{"line":92,"column":0},"end":{"line":92,"column":81}}},"fnMap":{"0":{"name":"(anonymous_0)","decl":{"start":{"line":4,"column":15},"end":{"line":4,"column":16}},"loc":{"start":{"line":4,"column":35},"end":{"line":10,"column":1}},"line":4},"1":{"name":"(anonymous_1)","decl":{"start":{"line":6,"column":24},"end":{"line":6,"column":25}},"loc":{"start":{"line":6,"column":35},"end":{"line":9,"column":3}},"line":6},"2":{"name":"(anonymous_2)","decl":{"start":{"line":12,"column":18},"end":{"line":12,"column":19}},"loc":{"start":{"line":12,"column":38},"end":{"line":23,"column":1}},"line":12},"3":{"name":"(anonymous_3)","decl":{"start":{"line":19,"column":24},"end":{"line":19,"column":25}},"loc":{"start":{"line":19,"column":35},"end":{"line":22,"column":3}},"line":19},"4":{"name":"(anonymous_4)","decl":{"start":{"line":42,"column":21},"end":{"line":42,"column":22}},"loc":{"start":{"line":42,"column":41},"end":{"line":56,"column":1}},"line":42},"5":{"name":"(anonymous_5)","decl":{"start":{"line":58,"column":21},"end":{"line":58,"column":22}},"loc":{"start":{"line":58,"column":41},"end":{"line":79,"column":1}},"line":58},"6":{"name":"(anonymous_6)","decl":{"start":{"line":81,"column":21},"end":{"line":81,"column":22}},"loc":{"start":{"line":81,"column":41},"end":{"line":90,"column":1}},"line":81}},"branchMap":{"0":{"loc":{"start":{"line":51,"column":2},"end":{"line":55,"column":3}},"type":"if","locations":[{"start":{"line":51,"column":2},"end":{"line":55,"column":3}},{"start":{"line":53,"column":9},"end":{"line":55,"column":3}}],"line":51},"1":{"loc":{"start":{"line":54,"column":25},"end":{"line":54,"column":91}},"type":"binary-expr","locations":[{"start":{"line":54,"column":25},"end":{"line":54,"column":39}},{"start":{"line":54,"column":43},"end":{"line":54,"column":91}}],"line":54},"2":{"loc":{"start":{"line":74,"column":2},"end":{"line":78,"column":3}},"type":"if","locations":[{"start":{"line":74,"column":2},"end":{"line":78,"column":3}},{"start":{"line":76,"column":9},"end":{"line":78,"column":3}}],"line":74},"3":{"loc":{"start":{"line":77,"column":25},"end":{"line":77,"column":89}},"type":"binary-expr","locations":[{"start":{"line":77,"column":25},"end":{"line":77,"column":39}},{"start":{"line":77,"column":43},"end":{"line":77,"column":89}}],"line":77},"4":{"loc":{"start":{"line":85,"column":2},"end":{"line":89,"column":3}},"type":"if","locations":[{"start":{"line":85,"column":2},"end":{"line":89,"column":3}},{"start":{"line":87,"column":9},"end":{"line":89,"column":3}}],"line":85},"5":{"loc":{"start":{"line":88,"column":25},"end":{"line":88,"column":89}},"type":"binary-expr","locations":[{"start":{"line":88,"column":25},"end":{"line":88,"column":39}},{"start":{"line":88,"column":43},"end":{"line":88,"column":89}}],"line":88}},"s":{"0":1,"1":1,"2":1,"3":0,"4":0,"5":0,"6":0,"7":1,"8":0,"9":0,"10":0,"11":0,"12":0,"13":1,"14":0,"15":0,"16":0,"17":0,"18":0,"19":1,"20":0,"21":0,"22":0,"23":0,"24":0,"25":0,"26":0,"27":1,"28":0,"29":0,"30":0,"31":0,"32":0,"33":0,"34":1},"f":{"0":0,"1":0,"2":0,"3":0,"4":0,"5":0,"6":0},"b":{"0":[0,0],"1":[0,0],"2":[0,0],"3":[0,0],"4":[0,0],"5":[0,0]},"_coverageSchema":"1a1c01bbd47fc00a2c39e90264f33305004495a9","hash":"113c26ce48ec0b8a7dbb26040371b306bc009512"}
,"/Users/cynthiaclark/Desktop/FinalProjectWebServices/CSE341TeamProject/db/connect.js": {"path":"/Users/cynthiaclark/Desktop/FinalProjectWebServices/CSE341TeamProject/db/connect.js","statementMap":{"0":{"start":{"line":1,"column":15},"end":{"line":1,"column":32}},"1":{"start":{"line":2,"column":0},"end":{"line":2,"column":16}},"2":{"start":{"line":3,"column":20},"end":{"line":3,"column":50}},"3":{"start":{"line":7,"column":15},"end":{"line":20,"column":1}},"4":{"start":{"line":8,"column":2},"end":{"line":11,"column":3}},"5":{"start":{"line":9,"column":4},"end":{"line":9,"column":46}},"6":{"start":{"line":10,"column":4},"end":{"line":10,"column":31}},"7":{"start":{"line":12,"column":2},"end":{"line":19,"column":7}},"8":{"start":{"line":14,"column":6},"end":{"line":14,"column":19}},"9":{"start":{"line":15,"column":6},"end":{"line":15,"column":26}},"10":{"start":{"line":18,"column":6},"end":{"line":18,"column":20}},"11":{"start":{"line":22,"column":14},"end":{"line":27,"column":1}},"12":{"start":{"line":23,"column":2},"end":{"line":25,"column":3}},"13":{"start":{"line":24,"column":4},"end":{"line":24,"column":38}},"14":{"start":{"line":26,"column":2},"end":{"line":26,"column":13}},"15":{"start":{"line":29,"column":0},"end":{"line":32,"column":2}}},"fnMap":{"0":{"name":"(anonymous_0)","decl":{"start":{"line":7,"column":15},"end":{"line":7,"column":16}},"loc":{"start":{"line":7,"column":29},"end":{"line":20,"column":1}},"line":7},"1":{"name":"(anonymous_1)","decl":{"start":{"line":13,"column":10},"end":{"line":13,"column":11}},"loc":{"start":{"line":13,"column":22},"end":{"line":16,"column":5}},"line":13},"2":{"name":"(anonymous_2)","decl":{"start":{"line":17,"column":11},"end":{"line":17,"column":12}},"loc":{"start":{"line":17,"column":20},"end":{"line":19,"column":5}},"line":17},"3":{"name":"(anonymous_3)","decl":{"start":{"line":22,"column":14},"end":{"line":22,"column":15}},"loc":{"start":{"line":22,"column":20},"end":{"line":27,"column":1}},"line":22}},"branchMap":{"0":{"loc":{"start":{"line":8,"column":2},"end":{"line":11,"column":3}},"type":"if","locations":[{"start":{"line":8,"column":2},"end":{"line":11,"column":3}},{"start":{},"end":{}}],"line":8},"1":{"loc":{"start":{"line":23,"column":2},"end":{"line":25,"column":3}},"type":"if","locations":[{"start":{"line":23,"column":2},"end":{"line":25,"column":3}},{"start":{},"end":{}}],"line":23}},"s":{"0":1,"1":1,"2":1,"3":1,"4":0,"5":0,"6":0,"7":0,"8":0,"9":0,"10":0,"11":1,"12":0,"13":0,"14":0,"15":1},"f":{"0":0,"1":0,"2":0,"3":0},"b":{"0":[0,0],"1":[0,0]},"_coverageSchema":"1a1c01bbd47fc00a2c39e90264f33305004495a9","hash":"4a959dd6699a18488753e2a8bdb1339c49becea3"}
,"/Users/cynthiaclark/Desktop/FinalProjectWebServices/CSE341TeamProject/routes/clients.js": {"path":"/Users/cynthiaclark/Desktop/FinalProjectWebServices/CSE341TeamProject/routes/clients.js","statementMap":{"0":{"start":{"line":1,"column":16},"end":{"line":1,"column":34}},"1":{"start":{"line":2,"column":15},"end":{"line":2,"column":31}},"2":{"start":{"line":4,"column":26},"end":{"line":4,"column":59}},"3":{"start":{"line":6,"column":0},"end":{"line":6,"column":42}},"4":{"start":{"line":8,"column":0},"end":{"line":8,"column":48}},"5":{"start":{"line":12,"column":0},"end":{"line":12,"column":49}},"6":{"start":{"line":14,"column":0},"end":{"line":14,"column":51}},"7":{"start":{"line":16,"column":0},"end":{"line":16,"column":54}},"8":{"start":{"line":18,"column":0},"end":{"line":18,"column":24}}},"fnMap":{},"branchMap":{},"s":{"0":1,"1":1,"2":1,"3":1,"4":1,"5":1,"6":1,"7":1,"8":1},"f":{},"b":{},"_coverageSchema":"1a1c01bbd47fc00a2c39e90264f33305004495a9","hash":"39e2312043771c1ebc6b519971ef51af6096c193"}
}
